<?xml version="1.0" encoding="UTF-8"?>
<testsuite name="letterGradeTest" tests="2" skipped="0" failures="0" errors="0" timestamp="2019-12-23T16:40:44" hostname="Huangde-MacBook-Pro.local" time="0.003">
  <properties/>
  <testcase name="letterGradeInPossibleDomainBoundariesTest" classname="letterGradeTest" time="0.002"/>
  <testcase name="letterGradeInImpossibleDoaminBoundariesTest" classname="letterGradeTest" time="0.0"/>
  <system-out><![CDATA[]]></system-out>
  <system-err><![CDATA[]]></system-err>
</testsuite>
