<?xml version="1.0" encoding="UTF-8"?>
<testsuite name="letterGradeTest" tests="2" skipped="0" failures="0" errors="0" timestamp="2019-12-24T07:15:00" hostname="Huangde-MacBook-Pro.local" time="0.002">
  <properties/>
  <testcase name="letterGradeByPartitioningTest" classname="letterGradeTest" time="0.002"/>
  <testcase name="letterGradeInImpossibleByBoundariesTest" classname="letterGradeTest" time="0.0"/>
  <system-out><![CDATA[]]></system-out>
  <system-err><![CDATA[]]></system-err>
</testsuite>
